Dec-09 21:36:54.294 [main] DEBUG nextflow.cli.Launcher - $> nextflow run main.nf -profile slurm
Dec-09 21:36:54.379 [main] DEBUG nextflow.cli.CmdRun - N E X T F L O W  ~  version 25.10.2
Dec-09 21:36:54.409 [main] DEBUG nextflow.plugin.PluginsFacade - Setting up plugin manager > mode=prod; embedded=false; plugins-dir=/data/holwm/home/gaolong/.nextflow/plugins; core-plugins: nf-amazon@3.4.2,nf-azure@1.20.2,nf-cloudcache@0.5.0,nf-codecommit@0.5.0,nf-console@1.3.0,nf-google@1.23.3,nf-k8s@1.2.2,nf-tower@1.17.3,nf-wave@1.16.1
Dec-09 21:36:54.456 [main] INFO  o.pf4j.DefaultPluginStatusProvider - Enabled plugins: []
Dec-09 21:36:54.457 [main] INFO  o.pf4j.DefaultPluginStatusProvider - Disabled plugins: []
Dec-09 21:36:54.460 [main] INFO  org.pf4j.DefaultPluginManager - PF4J version 3.12.0 in 'deployment' mode
Dec-09 21:36:54.476 [main] DEBUG nextflow.util.RetryConfig - Missing nextflow session - using default retry config
Dec-09 21:36:54.649 [main] INFO  org.pf4j.AbstractPluginManager - No plugins
Dec-09 21:36:54.677 [main] DEBUG nextflow.config.ConfigBuilder - Found config local: /data/holwm/home/gaolong/projects/RiboSuite/nextflow.config
Dec-09 21:36:54.681 [main] DEBUG nextflow.config.ConfigBuilder - Parsing config file: /data/holwm/home/gaolong/projects/RiboSuite/nextflow.config
Dec-09 21:36:54.705 [main] DEBUG nextflow.config.ConfigBuilder - Applying config profile: `slurm`
Dec-09 21:36:55.236 [main] DEBUG nextflow.config.ConfigBuilder - Available config profiles: [standard, slurm]
Dec-09 21:36:55.253 [main] DEBUG nextflow.plugin.PluginsFacade - Plugins default=[]
Dec-09 21:36:55.253 [main] DEBUG nextflow.plugin.PluginsFacade - Plugins resolved requirement=[]
Dec-09 21:36:55.280 [main] DEBUG n.secret.LocalSecretsProvider - Secrets store: /data/holwm/home/gaolong/.nextflow/secrets/store.json
Dec-09 21:36:55.283 [main] DEBUG nextflow.secret.SecretsLoader - Discovered secrets providers: [nextflow.secret.LocalSecretsProvider@176555c] - activable => nextflow.secret.LocalSecretsProvider@176555c
Dec-09 21:36:55.295 [main] DEBUG nextflow.cli.CmdRun - Applied DSL=2 from script declaration
Dec-09 21:36:55.318 [main] DEBUG nextflow.cli.CmdRun - Launching `main.nf` [astonishing_laplace] DSL2 - revision: 80d7907ddd
Dec-09 21:36:55.383 [main] DEBUG nextflow.Session - Session UUID: b4805941-d9e3-49d9-a144-df44a2a94fe4
Dec-09 21:36:55.383 [main] DEBUG nextflow.Session - Run name: astonishing_laplace
Dec-09 21:36:55.384 [main] DEBUG nextflow.Session - Executor pool size: 2
Dec-09 21:36:55.392 [main] DEBUG nextflow.file.FilePorter - File porter settings maxRetries=3; maxTransfers=50; pollTimeout=null
Dec-09 21:36:55.396 [main] DEBUG nextflow.util.ThreadPoolBuilder - Creating thread pool 'FileTransfer' minSize=10; maxSize=10; workQueue=LinkedBlockingQueue[-1]; allowCoreThreadTimeout=false
Dec-09 21:36:55.423 [main] DEBUG nextflow.cli.CmdRun - 
  Version: 25.10.2 build 10555
  Created: 28-11-2025 19:24 UTC (29-11-2025 03:24 GMT+08:20)
  System: Linux 5.14.0-611.5.1.el9_7.x86_64
  Runtime: Groovy 4.0.28 on OpenJDK 64-Bit Server VM 23.0.2-internal-adhoc.conda.src
  Encoding: UTF-8 (UTF-8)
  Process: 327085@login-10-03 [10.3.2.5]
  CPUs: 2 - Mem: 16 GB (15.5 GB) - Swap: 16 GB (16 GB)
Dec-09 21:36:55.457 [main] DEBUG nextflow.Session - Work-dir: /data/holwm/home/gaolong/projects/RiboSuite/work [nfs]
Dec-09 21:36:55.483 [main] DEBUG nextflow.executor.ExecutorFactory - Extension executors providers=[]
Dec-09 21:36:55.491 [main] DEBUG nextflow.Session - Observer factory (v2): LinObserverFactory
Dec-09 21:36:55.493 [main] DEBUG nextflow.Session - Observer factory (v2): DefaultObserverFactory
Dec-09 21:36:55.540 [main] DEBUG nextflow.cache.CacheFactory - Using Nextflow cache factory: nextflow.cache.DefaultCacheFactory
Dec-09 21:36:55.553 [main] DEBUG nextflow.util.CustomThreadPool - Creating default thread pool > poolSize: 3; maxThreads: 1000
Dec-09 21:36:55.665 [main] DEBUG nextflow.Session - Session start
Dec-09 21:36:55.760 [main] DEBUG nextflow.script.ScriptRunner - > Launching execution
Dec-09 21:36:55.933 [main] DEBUG nextflow.Session - Workflow process names [dsl2]: 
Dec-09 21:36:55.936 [main] DEBUG nextflow.Session - Igniting dataflow network (1)
Dec-09 21:36:55.937 [main] DEBUG nextflow.script.ScriptRunner - Parsed script files:
  Script_21253070d4fdda96: /data/holwm/home/gaolong/projects/RiboSuite/main.nf
  Script_de944b66c55237a7: /data/holwm/home/gaolong/projects/RiboSuite/workflows/ribo_main.nf
Dec-09 21:36:55.937 [main] DEBUG nextflow.script.ScriptRunner - > Awaiting termination 
Dec-09 21:36:55.938 [main] DEBUG nextflow.Session - Session await
Dec-09 21:36:55.938 [main] DEBUG nextflow.Session - Session await > all processes finished
Dec-09 21:36:55.939 [main] DEBUG nextflow.Session - Session await > all barriers passed
Dec-09 21:36:55.966 [main] DEBUG n.trace.WorkflowStatsObserver - Workflow completed > WorkflowStats[succeededCount=0; failedCount=0; ignoredCount=0; cachedCount=0; pendingCount=0; submittedCount=0; runningCount=0; retriesCount=0; abortedCount=0; succeedDuration=0ms; failedDuration=0ms; cachedDuration=0ms;loadCpus=0; loadMemory=0; peakRunning=0; peakCpus=0; peakMemory=0; ]
Dec-09 21:36:56.081 [main] DEBUG nextflow.cache.CacheDB - Closing CacheDB done
Dec-09 21:36:56.105 [main] DEBUG nextflow.util.ThreadPoolManager - Thread pool 'FileTransfer' shutdown completed (hard=false)
Dec-09 21:36:56.105 [main] DEBUG nextflow.script.ScriptRunner - > Execution complete -- Goodbye
